0 info it worked if it ends with ok
1 verbose cli [ '/home/Wade/local/bin/node',
1 verbose cli   '/home/Wade/local/bin/npm',
1 verbose cli   'install',
1 verbose cli   'thrift' ]
2 info using npm@3.3.12
3 info using node@v5.3.0
4 silly loadCurrentTree Starting
5 silly install loadCurrentTree
6 silly install readLocalPackageData
7 silly fetchPackageMetaData thrift
8 silly fetchNamedPackageData thrift
9 silly mapToRegistry name thrift
10 silly mapToRegistry using default registry
11 silly mapToRegistry registry https://registry.npmjs.org/
12 silly mapToRegistry uri https://registry.npmjs.org/thrift
13 verbose request uri https://registry.npmjs.org/thrift
14 verbose request no auth needed
15 info attempt registry request try #1 at 14:00:17
16 verbose request id fc624db01226d1ae
17 verbose etag "8ECY8CO95CM4OIJTRF8ZQ0OWQ"
18 http request GET https://registry.npmjs.org/thrift
19 http 304 https://registry.npmjs.org/thrift
20 verbose headers { date: 'Wed, 17 Feb 2016 14:00:17 GMT',
20 verbose headers   via: '1.1 varnish',
20 verbose headers   'cache-control': 'max-age=300',
20 verbose headers   etag: '"8ECY8CO95CM4OIJTRF8ZQ0OWQ"',
20 verbose headers   age: '0',
20 verbose headers   connection: 'keep-alive',
20 verbose headers   'x-served-by': 'cache-sin6925-SIN',
20 verbose headers   'x-cache': 'HIT',
20 verbose headers   'x-cache-hits': '1',
20 verbose headers   'x-timer': 'S1455717617.325869,VS0,VE1022',
20 verbose headers   vary: 'Accept' }
21 silly get cb [ 304,
21 silly get   { date: 'Wed, 17 Feb 2016 14:00:17 GMT',
21 silly get     via: '1.1 varnish',
21 silly get     'cache-control': 'max-age=300',
21 silly get     etag: '"8ECY8CO95CM4OIJTRF8ZQ0OWQ"',
21 silly get     age: '0',
21 silly get     connection: 'keep-alive',
21 silly get     'x-served-by': 'cache-sin6925-SIN',
21 silly get     'x-cache': 'HIT',
21 silly get     'x-cache-hits': '1',
21 silly get     'x-timer': 'S1455717617.325869,VS0,VE1022',
21 silly get     vary: 'Accept' } ]
22 verbose etag https://registry.npmjs.org/thrift from cache
23 verbose get saving thrift to /home/Wade/.npm/registry.npmjs.org/thrift/.cache.json
24 silly install normalizeTree
25 silly loadCurrentTree Finishing
26 silly loadIdealTree Starting
27 silly install loadIdealTree
28 silly cloneCurrentTree Starting
29 silly install cloneCurrentTreeToIdealTree
30 silly cloneCurrentTree Finishing
31 silly loadShrinkwrap Starting
32 silly install loadShrinkwrap
33 silly loadShrinkwrap Finishing
34 silly loadAllDepsIntoIdealTree Starting
35 silly install loadAllDepsIntoIdealTree
36 silly rollbackFailedOptional Starting
37 silly rollbackFailedOptional Finishing
38 silly runTopLevelLifecycles Starting
39 silly runTopLevelLifecycles Finishing
40 silly install printInstalled
41 verbose stack Error: Refusing to install thrift as a dependency of itself
41 verbose stack     at checkSelf (/home/Wade/local/lib/node_modules/npm/lib/install/validate-args.js:40:14)
41 verbose stack     at Array.<anonymous> (/home/Wade/local/lib/node_modules/npm/node_modules/slide/lib/bind-actor.js:15:8)
41 verbose stack     at LOOP (/home/Wade/local/lib/node_modules/npm/node_modules/slide/lib/chain.js:15:14)
41 verbose stack     at chain (/home/Wade/local/lib/node_modules/npm/node_modules/slide/lib/chain.js:20:5)
41 verbose stack     at /home/Wade/local/lib/node_modules/npm/lib/install/validate-args.js:15:5
41 verbose stack     at /home/Wade/local/lib/node_modules/npm/node_modules/slide/lib/async-map.js:52:35
41 verbose stack     at Array.forEach (native)
41 verbose stack     at /home/Wade/local/lib/node_modules/npm/node_modules/slide/lib/async-map.js:52:11
41 verbose stack     at Array.forEach (native)
41 verbose stack     at asyncMap (/home/Wade/local/lib/node_modules/npm/node_modules/slide/lib/async-map.js:51:8)
42 verbose cwd /home/Wade/package/thrift-0.9.3/thrift-demo/nodejs2
43 error Linux 4.1.5-x86_64-linode61
44 error argv "/home/Wade/local/bin/node" "/home/Wade/local/bin/npm" "install" "thrift"
45 error node v5.3.0
46 error npm  v3.3.12
47 error code ENOSELF
48 error Refusing to install thrift as a dependency of itself
49 error If you need help, you may report this error at:
49 error     <https://github.com/npm/npm/issues>
50 verbose exit [ 1, true ]
